{"/Users/walterharms/workspace/rentals-portal/src/database/postgres.ts": {"path":"/Users/walterharms/workspace/rentals-portal/src/database/postgres.ts","statementMap":{"0":{"start":{"line":59,"column":2},"end":{"line":59,"column":19}},"1":{"start":{"line":60,"column":2},"end":{"line":60,"column":25}},"2":{"start":{"line":69,"column":9},"end":{"line":69,"column":24}},"3":{"start":{"line":1,"column":0},"end":{"line":1,"column":34}},"4":{"start":{"line":2,"column":0},"end":{"line":2,"column":28}},"5":{"start":{"line":4,"column":0},"end":{"line":4,"column":16}},"6":{"start":{"line":7,"column":15},"end":{"line":17,"column":2}},"7":{"start":{"line":58,"column":2},"end":{"line":58,"column":8}},"8":{"start":{"line":20,"column":13},"end":{"line":29,"column":2}},"9":{"start":{"line":61,"column":2},"end":{"line":61,"column":6}},"10":{"start":{"line":33,"column":2},"end":{"line":44,"column":3}},"11":{"start":{"line":34,"column":4},"end":{"line":34,"column":67}},"12":{"start":{"line":35,"column":4},"end":{"line":35,"column":27}},"13":{"start":{"line":36,"column":4},"end":{"line":36,"column":67}},"14":{"start":{"line":39,"column":16},"end":{"line":39,"column":50}},"15":{"start":{"line":40,"column":4},"end":{"line":40,"column":62}},"16":{"start":{"line":42,"column":4},"end":{"line":42,"column":62}},"17":{"start":{"line":43,"column":4},"end":{"line":43,"column":14}},"18":{"start":{"line":49,"column":2},"end":{"line":54,"column":3}},"19":{"start":{"line":50,"column":4},"end":{"line":50,"column":23}},"20":{"start":{"line":51,"column":4},"end":{"line":51,"column":59}},"21":{"start":{"line":53,"column":4},"end":{"line":53,"column":61}},"22":{"start":{"line":66,"column":2},"end":{"line":66,"column":14}}},"fnMap":{"0":{"name":"connectToDatabase","decl":{"start":{"line":32,"column":15},"end":{"line":32,"column":32}},"loc":{"start":{"line":32,"column":32},"end":{"line":45,"column":null}}},"1":{"name":"closeDatabaseConnection","decl":{"start":{"line":48,"column":15},"end":{"line":48,"column":38}},"loc":{"start":{"line":48,"column":38},"end":{"line":55,"column":null}}},"2":{"name":"getPostgresPool","decl":{"start":{"line":65,"column":9},"end":{"line":65,"column":24}},"loc":{"start":{"line":65,"column":24},"end":{"line":67,"column":1}}}},"branchMap":{"0":{"loc":{"start":{"line":9,"column":17},"end":{"line":9,"column":46}},"type":"binary-expr","locations":[{"start":{"line":9,"column":17},"end":{"line":9,"column":36}},{"start":{"line":9,"column":40},"end":{"line":9,"column":46}}]},"1":{"loc":{"start":{"line":22,"column":17},"end":{"line":22,"column":46}},"type":"binary-expr","locations":[{"start":{"line":22,"column":17},"end":{"line":22,"column":36}},{"start":{"line":22,"column":40},"end":{"line":22,"column":46}}]}},"s":{"0":1,"1":1,"2":1,"3":1,"4":1,"5":1,"6":1,"7":1,"8":1,"9":1,"10":0,"11":0,"12":0,"13":0,"14":0,"15":0,"16":0,"17":0,"18":0,"19":0,"20":0,"21":0,"22":0},"f":{"0":0,"1":0,"2":0},"b":{"0":[1,0],"1":[1,0]}}
,"/Users/walterharms/workspace/rentals-portal/src/services/homes.service.ts": {"path":"/Users/walterharms/workspace/rentals-portal/src/services/homes.service.ts","statementMap":{"0":{"start":{"line":3,"column":0},"end":{"line":3,"column":55}},"1":{"start":{"line":9,"column":4},"end":{"line":9,"column":34}},"2":{"start":{"line":13,"column":4},"end":{"line":35,"column":5}},"3":{"start":{"line":14,"column":21},"end":{"line":14,"column":46}},"4":{"start":{"line":15,"column":21},"end":{"line":29,"column":8}},"5":{"start":{"line":30,"column":6},"end":{"line":30,"column":23}},"6":{"start":{"line":31,"column":6},"end":{"line":31,"column":25}},"7":{"start":{"line":33,"column":6},"end":{"line":33,"column":52}},"8":{"start":{"line":34,"column":6},"end":{"line":34,"column":47}},"9":{"start":{"line":5,"column":0},"end":{"line":5,"column":13}}},"fnMap":{"0":{"name":"(anonymous_7)","decl":{"start":{"line":8,"column":2},"end":{"line":8,"column":null}},"loc":{"start":{"line":8,"column":2},"end":{"line":10,"column":3}}},"1":{"name":"(anonymous_8)","decl":{"start":{"line":12,"column":8},"end":{"line":12,"column":19}},"loc":{"start":{"line":12,"column":19},"end":{"line":36,"column":null}}}},"branchMap":{},"s":{"0":1,"1":2,"2":2,"3":2,"4":2,"5":1,"6":1,"7":1,"8":1,"9":1},"f":{"0":2,"1":2},"b":{}}
}
