TN:
SF:src/database/postgres.ts
FN:32,connectToDatabase
FN:48,closeDatabaseConnection
FN:65,getPostgresPool
FNF:3
FNH:0
FNDA:0,connectToDatabase
FNDA:0,closeDatabaseConnection
FNDA:0,getPostgresPool
DA:1,1
DA:2,1
DA:4,1
DA:7,1
DA:20,1
DA:33,0
DA:34,0
DA:35,0
DA:36,0
DA:39,0
DA:40,0
DA:42,0
DA:43,0
DA:49,0
DA:50,0
DA:51,0
DA:53,0
DA:58,1
DA:59,1
DA:60,1
DA:61,1
DA:66,0
DA:69,1
LF:23
LH:10
BRDA:9,0,0,1
BRDA:9,0,1,0
BRDA:22,1,0,1
BRDA:22,1,1,0
BRF:4
BRH:2
end_of_record
TN:
SF:src/services/homes.service.ts
FN:8,(anonymous_7)
FN:12,(anonymous_8)
FNF:2
FNH:2
FNDA:2,(anonymous_7)
FNDA:2,(anonymous_8)
DA:3,1
DA:5,1
DA:9,2
DA:13,2
DA:14,2
DA:15,2
DA:30,1
DA:31,1
DA:33,1
DA:34,1
LF:10
LH:10
BRF:0
BRH:0
end_of_record
